#
# A fatal error has been detected by the Java Runtime Environment:
#
#  SIGSEGV (0xb) at pc=0x00007f59769b49a0, pid=22402, tid=140021941073664
#
# JRE version: OpenJDK Runtime Environment (7.0_91-b02) (build 1.7.0_91-b02)
# Java VM: OpenJDK 64-Bit Server VM (24.91-b01 mixed mode linux-amd64 compressed oops)
# Derivative: IcedTea 2.6.3
# Distribution: Ubuntu 14.04 LTS, package 7u91-2.6.3-0ubuntu0.14.04.1
# Problematic frame:
# V  [libjvm.so+0x6449a0]  jvmti_IsMethodSynthetic+0x1f0
#
# Failed to write core dump. Core dumps have been disabled. To enable core dumping, try "ulimit -c unlimited" before starting Java again
#
# If you would like to submit a bug report, please include
# instructions on how to reproduce the bug and visit:
#   http://icedtea.classpath.org/bugzilla
#

---------------  T H R E A D  ---------------

Current thread (0x00007f59700b6000):  JavaThread "JDWP Transport Listener: dt_socket" daemon [_thread_in_vm, id=22419, stack(0x00007f5965fef000,0x00007f59660f0000)]

siginfo:si_signo=SIGSEGV: si_errno=0, si_code=128 (), si_addr=0x0000000000000000

Registers:
RAX=0x0000000000000063, RBX=0x00007f5970003960, RCX=0x00007f59775b1320, RDX=0x0000000000000001
RSP=0x00007f59660ee9d0, RBP=0x00007f59660eea30, RSI=0x00007f59700b6000, RDI=0x00007f5970003960
R8 =0x0000000000000000, R9 =0x00007f59300049b0, R10=0x00007f596c107551, R11=0x00007f5977932760
R12=0x3b617461446e003b, R13=0x00007f59660eea97, R14=0x00007f59700b6000, R15=0x00007f59660ee9e0
RIP=0x00007f59769b49a0, EFLAGS=0x0000000000010202, CSGSFS=0x0000000000000033, ERR=0x0000000000000000
  TRAPNO=0x000000000000000d

Top of Stack: (sp=0x00007f59660ee9d0)
0x00007f59660ee9d0:   00007f59771649ac 00007f5976a01e96
0x00007f59660ee9e0:   00007f59700b6000 0000000000000000
0x00007f59660ee9f0:   00007f5900000000 0000000000000000
0x00007f59660eea00:   00007f59660eeb80 00007f59660eea97
0x00007f59660eea10:   00007f5975507f00 3b617461446e003b
0x00007f59660eea20:   00007f59660eea97 00007f59660eea9c
0x00007f59660eea30:   00007f59660eea60 00007f59752f3aa9
0x00007f59660eea40:   00007f59660eea60 0000000000000003
0x00007f59660eea50:   00007f59660eeb80 3b617461446e003b
0x00007f59660eea60:   00007f59660eeaf0 00007f59752d45f8
0x00007f59660eea70:   00007f59660eeab0 00007f59660eeab0
0x00007f59660eea80:   00007f59660eeab8 00000001752d94c9
0x00007f59660eea90:   00007f59660eeb50 0000000900000004
0x00007f59660eeaa0:   00007f5930005140 0000000000000000
0x00007f59660eeab0:   0000000000000000 0000000000000000
0x00007f59660eeac0:   00007f59660eeb50 00000000000f0200
0x00007f59660eead0:   00007f59660eeb50 0000000000000002
0x00007f59660eeae0:   00007f59660eeb80 00007f5975507f00
0x00007f59660eeaf0:   00007f59660eed40 00007f59752de688
0x00007f59660eeb00:   000080f800000013 00007f59300f0200
0x00007f59660eeb10:   00007f5928000fb0 00007f59769697fc
0x00007f59660eeb20:   00007f59700b83a0 00007f592800080f
0x00007f59660eeb30:   000080f800000013 00007f59300f0200
0x00007f59660eeb40:   00007f5928000fb0 00007f59700ad5e8
0x00007f59660eeb50:   00007f5928000fb8 000000000000000b
0x00007f59660eeb60:   000080f800000013 00007f59300f0200
0x00007f59660eeb70:   00007f5928000fb0 00007f59300033f0
0x00007f59660eeb80:   00007f59660eec50 00000000000000ac
0x00007f59660eeb90:   00007f59660eeb98 00007f5900000080
0x00007f59660eeba0:   00007f59660eebd0 0000000000000000
0x00007f59660eebb0:   00007f0000000000 000080f80000001c
0x00007f59660eebc0:   00007f590000ec80 00007f59660eebd0 

Instructions: (pc=0x00007f59769b49a0)
0x00007f59769b4980:   48 c1 e8 04 23 02 48 8d 15 d3 b5 7a 00 48 03 02
0x00007f59769b4990:   c7 00 01 00 00 00 e9 a6 fe ff ff 4d 85 e4 74 3b
0x00007f59769b49a0:   4d 8b 24 24 48 b8 fe fe fe fe fe fe fe fe 49 39
0x00007f59769b49b0:   c4 74 28 4d 85 e4 74 23 48 8d 05 14 5d 7a 00 80 

Register to memory mapping:

RAX=0x0000000000000063 is an unknown value
RBX=0x00007f5970003960 is an unknown value
RCX=0x00007f59775b1320: <offset 0x219320> in /lib/x86_64-linux-gnu/libpthread.so.0 at 0x00007f5977398000
RDX=0x0000000000000001 is an unknown value
RSP=0x00007f59660ee9d0 is pointing into the stack for thread: 0x00007f59700b6000
RBP=0x00007f59660eea30 is pointing into the stack for thread: 0x00007f59700b6000
RSI=0x00007f59700b6000 is a thread
RDI=0x00007f5970003960 is an unknown value
R8 =0x0000000000000000 is an unknown value
R9 =0x00007f59300049b0 is an unknown value
R10=0x00007f596c107551 is an unknown value
R11=0x00007f5977932760: <offset 0x178760> in /lib/x86_64-linux-gnu/libc.so.6 at 0x00007f59777ba000
R12=0x3b617461446e003b is an unknown value
R13=0x00007f59660eea97 is pointing into the stack for thread: 0x00007f59700b6000
R14=0x00007f59700b6000 is a thread
R15=0x00007f59660ee9e0 is pointing into the stack for thread: 0x00007f59700b6000


Stack: [0x00007f5965fef000,0x00007f59660f0000],  sp=0x00007f59660ee9d0,  free space=1022k
Native frames: (J=compiled Java code, j=interpreted, Vv=VM code, C=native code)
V  [libjvm.so+0x6449a0]  jvmti_IsMethodSynthetic+0x1f0
C  [libjdwp.so+0x26aa9]
C  [libjdwp.so+0x75f8]
C  [libjdwp.so+0x11688]
C  [libjdwp.so+0x23785]
V  [libjvm.so+0x6b0ecb]  JvmtiAgentThread::start_function_wrapper(JavaThread*, Thread*)+0x9b
V  [libjvm.so+0x906c70]  JavaThread::thread_main_inner()+0xf0
V  [libjvm.so+0x906ee1]  JavaThread::run()+0x221
V  [libjvm.so+0x7cc742]  java_start(Thread*)+0xf2


---------------  P R O C E S S  ---------------

Java Threads: ( => current thread )
  0x00007f59700c1000 JavaThread "Service Thread" daemon [_thread_blocked, id=22429, stack(0x00007f5965aea000,0x00007f5965beb000)]
  0x00007f59700bf000 JavaThread "C2 CompilerThread1" daemon [_thread_blocked, id=22428, stack(0x00007f5965beb000,0x00007f5965cec000)]
  0x00007f59700bc000 JavaThread "C2 CompilerThread0" daemon [_thread_blocked, id=22427, stack(0x00007f5965cec000,0x00007f5965ded000)]
  0x00007f5930001000 JavaThread "JDWP Command Reader" daemon [_thread_in_native, id=22423, stack(0x00007f5965ded000,0x00007f5965eee000)]
  0x00007f59700b9800 JavaThread "JDWP Event Helper Thread" daemon [_thread_blocked, id=22422, stack(0x00007f5965eee000,0x00007f5965fef000)]
=>0x00007f59700b6000 JavaThread "JDWP Transport Listener: dt_socket" daemon [_thread_in_vm, id=22419, stack(0x00007f5965fef000,0x00007f59660f0000)]
  0x00007f59700a9000 JavaThread "Signal Dispatcher" daemon [_thread_blocked, id=22417, stack(0x00007f59662f5000,0x00007f59663f6000)]
  0x00007f597007f000 JavaThread "Finalizer" daemon [_thread_blocked, id=22416, stack(0x00007f59663f6000,0x00007f59664f7000)]
  0x00007f597007d000 JavaThread "Reference Handler" daemon [_thread_blocked, id=22415, stack(0x00007f59664f7000,0x00007f59665f8000)]
  0x00007f597000d800 JavaThread "main" [_thread_blocked, id=22408, stack(0x00007f5977e82000,0x00007f5977f83000)]

Other Threads:
  0x00007f5970079000 VMThread [stack: 0x00007f59665f8000,0x00007f59666f9000] [id=22414]
  0x00007f59700cc000 WatcherThread [stack: 0x00007f59659e9000,0x00007f5965aea000] [id=22430]

VM state:not at safepoint (normal execution)

VM Mutex/Monitor currently owned by a thread: None

Heap
 PSYoungGen      total 73728K, used 3809K [0x00000007adf00000, 0x00000007b3100000, 0x0000000800000000)
  eden space 63488K, 6% used [0x00000007adf00000,0x00000007ae2b8628,0x00000007b1d00000)
  from space 10240K, 0% used [0x00000007b2700000,0x00000007b2700000,0x00000007b3100000)
  to   space 10240K, 0% used [0x00000007b1d00000,0x00000007b1d00000,0x00000007b2700000)
 ParOldGen       total 167936K, used 0K [0x0000000709e00000, 0x0000000714200000, 0x00000007adf00000)
  object space 167936K, 0% used [0x0000000709e00000,0x0000000709e00000,0x0000000714200000)
 PSPermGen       total 21504K, used 2775K [0x00000006ff800000, 0x0000000700d00000, 0x0000000709e00000)
  object space 21504K, 12% used [0x00000006ff800000,0x00000006ffab5ec8,0x0000000700d00000)

Card table byte_map: [0x00007f596c7fb000,0x00007f596d000000] byte_map_base: 0x00007f5968fff000

Polling page: 0x00007f5977fac000

Code Cache  [0x00007f596d000000, 0x00007f596d270000, 0x00007f5970000000)
 total_blobs=158 nmethods=0 adapters=135 free_code_cache=48776Kb largest_free_block=49946752

Compilation events (0 events):
No events

GC Heap History (0 events):
No events

Deoptimization events (0 events):
No events

Internal exceptions (5 events):
Event: 0.018 Thread 0x00007f597000d800 Threw 0x00000007adf0f140 at /build/openjdk-7-zaTxYK/openjdk-7-7u91-2.6.3/build/openjdk/hotspot/src/share/vm/prims/jni.cpp:4027
Event: 0.116 Thread 0x00007f597000d800 Threw 0x00000007adf48930 at /build/openjdk-7-zaTxYK/openjdk-7-7u91-2.6.3/build/openjdk/hotspot/src/share/vm/prims/jni.cpp:721
Event: 0.116 Thread 0x00007f597000d800 Threw 0x00000007adf48ab0 at /build/openjdk-7-zaTxYK/openjdk-7-7u91-2.6.3/build/openjdk/hotspot/src/share/vm/prims/jvm.cpp:1322
Event: 0.116 Thread 0x00007f597000d800 Threw 0x00000007adf48bd8 at /build/openjdk-7-zaTxYK/openjdk-7-7u91-2.6.3/build/openjdk/hotspot/src/share/vm/prims/jvm.cpp:1322
Event: 0.116 Thread 0x00007f597000d800 Threw 0x00000007adf4a930 at /build/openjdk-7-zaTxYK/openjdk-7-7u91-2.6.3/build/openjdk/hotspot/src/share/vm/prims/jvm.cpp:1322

Events (10 events):
Event: 1161.302 Executing VM operation: GetCurrentLocation
Event: 1161.302 Executing VM operation: GetCurrentLocation done
Event: 1161.302 Executing VM operation: EnterInterpOnlyMode
Event: 1161.302 Executing VM operation: EnterInterpOnlyMode done
Event: 1161.302 Executing VM operation: ChangeSingleStep
Event: 1161.302 Executing VM operation: ChangeSingleStep done
Event: 1161.302 Executing VM operation: ChangeSingleStep
Event: 1161.302 Executing VM operation: ChangeSingleStep done
Event: 1161.303 Executing VM operation: RedefineClasses
Event: 1161.303 Executing VM operation: RedefineClasses done


Dynamic libraries:
00400000-00401000 r-xp 00000000 08:01 23595147                           /usr/lib/jvm/java-7-openjdk-amd64/jre/bin/java
00600000-00601000 r--p 00000000 08:01 23595147                           /usr/lib/jvm/java-7-openjdk-amd64/jre/bin/java
00601000-00602000 rw-p 00001000 08:01 23595147                           /usr/lib/jvm/java-7-openjdk-amd64/jre/bin/java
011de000-011ff000 rw-p 00000000 00:00 0                                  [heap]
6ff800000-700d00000 rw-p 00000000 00:00 0 
700d00000-709e00000 rw-p 00000000 00:00 0 
709e00000-714200000 rw-p 00000000 00:00 0 
714200000-7adf00000 rw-p 00000000 00:00 0 
7adf00000-7b3100000 rw-p 00000000 00:00 0 
7b3100000-800000000 rw-p 00000000 00:00 0 
7f5918000000-7f5918021000 rw-p 00000000 00:00 0 
7f5918021000-7f591c000000 ---p 00000000 00:00 0 
7f5920000000-7f5920021000 rw-p 00000000 00:00 0 
7f5920021000-7f5924000000 ---p 00000000 00:00 0 
7f5924000000-7f5924021000 rw-p 00000000 00:00 0 
7f5924021000-7f5928000000 ---p 00000000 00:00 0 
7f5928000000-7f5928021000 rw-p 00000000 00:00 0 
7f5928021000-7f592c000000 ---p 00000000 00:00 0 
7f592c000000-7f592c021000 rw-p 00000000 00:00 0 
7f592c021000-7f5930000000 ---p 00000000 00:00 0 
7f5930000000-7f5930021000 rw-p 00000000 00:00 0 
7f5930021000-7f5934000000 ---p 00000000 00:00 0 
7f5934000000-7f5934021000 rw-p 00000000 00:00 0 
7f5934021000-7f5938000000 ---p 00000000 00:00 0 
7f5938000000-7f5938021000 rw-p 00000000 00:00 0 
7f5938021000-7f593c000000 ---p 00000000 00:00 0 
7f593c000000-7f593c021000 rw-p 00000000 00:00 0 
7f593c021000-7f5940000000 ---p 00000000 00:00 0 
7f5940000000-7f5940021000 rw-p 00000000 00:00 0 
7f5940021000-7f5944000000 ---p 00000000 00:00 0 
7f5947fc0000-7f5950000000 rw-p 00000000 00:00 0 
7f5950000000-7f5950021000 rw-p 00000000 00:00 0 
7f5950021000-7f5954000000 ---p 00000000 00:00 0 
7f5954000000-7f5954021000 rw-p 00000000 00:00 0 
7f5954021000-7f5958000000 ---p 00000000 00:00 0 
7f5958000000-7f5958021000 rw-p 00000000 00:00 0 
7f5958021000-7f595c000000 ---p 00000000 00:00 0 
7f5960000000-7f5960021000 rw-p 00000000 00:00 0 
7f5960021000-7f5964000000 ---p 00000000 00:00 0 
7f59657ae000-7f59659e9000 rw-p 00000000 00:00 0 
7f59659e9000-7f59659ea000 ---p 00000000 00:00 0 
7f59659ea000-7f5965aea000 rw-p 00000000 00:00 0                          [stack:22430]
7f5965aea000-7f5965aed000 ---p 00000000 00:00 0 
7f5965aed000-7f5965beb000 rw-p 00000000 00:00 0                          [stack:22429]
7f5965beb000-7f5965bee000 ---p 00000000 00:00 0 
7f5965bee000-7f5965cec000 rw-p 00000000 00:00 0                          [stack:22428]
7f5965cec000-7f5965cef000 ---p 00000000 00:00 0 
7f5965cef000-7f5965ded000 rw-p 00000000 00:00 0                          [stack:22427]
7f5965ded000-7f5965df0000 ---p 00000000 00:00 0 
7f5965df0000-7f5965eee000 rw-p 00000000 00:00 0                          [stack:22423]
7f5965eee000-7f5965ef1000 ---p 00000000 00:00 0 
7f5965ef1000-7f5965fef000 rw-p 00000000 00:00 0                          [stack:22422]
7f5965fef000-7f5965ff2000 ---p 00000000 00:00 0 
7f5965ff2000-7f59660f0000 rw-p 00000000 00:00 0                          [stack:22419]
7f59660f0000-7f59660f4000 r-xp 00000000 08:01 23596573                   /usr/lib/jvm/java-7-openjdk-amd64/jre/lib/amd64/libdt_socket.so
7f59660f4000-7f59662f3000 ---p 00004000 08:01 23596573                   /usr/lib/jvm/java-7-openjdk-amd64/jre/lib/amd64/libdt_socket.so
7f59662f3000-7f59662f4000 r--p 00003000 08:01 23596573                   /usr/lib/jvm/java-7-openjdk-amd64/jre/lib/amd64/libdt_socket.so
7f59662f4000-7f59662f5000 rw-p 00004000 08:01 23596573                   /usr/lib/jvm/java-7-openjdk-amd64/jre/lib/amd64/libdt_socket.so
7f59662f5000-7f59662f8000 ---p 00000000 00:00 0 
7f59662f8000-7f59663f6000 rw-p 00000000 00:00 0                          [stack:22417]
7f59663f6000-7f59663f9000 ---p 00000000 00:00 0 
7f59663f9000-7f59664f7000 rw-p 00000000 00:00 0                          [stack:22416]
7f59664f7000-7f59664fa000 ---p 00000000 00:00 0 
7f59664fa000-7f59665f8000 rw-p 00000000 00:00 0                          [stack:22415]
7f59665f8000-7f59665f9000 ---p 00000000 00:00 0 
7f59665f9000-7f596764a000 rw-p 00000000 00:00 0                          [stack:22414]
7f596764a000-7f59677fc000 r--s 01d2e000 08:01 23596555                   /usr/lib/jvm/java-7-openjdk-amd64/jre/lib/rt.jar
7f59677fc000-7f5968000000 rw-p 00000000 00:00 0 
7f5968000000-7f5968021000 rw-p 00000000 00:00 0 
7f5968021000-7f596c000000 ---p 00000000 00:00 0 
7f596c004000-7f596c1d9000 rw-p 00000000 00:00 0 
7f596c1d9000-7f596c1da000 ---p 00000000 00:00 0 
7f596c1da000-7f596c32c000 rw-p 00000000 00:00 0                          [stack:22413]
7f596c32c000-7f596c7fb000 rw-p 00000000 00:00 0 
7f596c7fb000-7f596c806000 rw-p 00000000 00:00 0 
7f596c806000-7f596c84e000 rw-p 00000000 00:00 0 
7f596c84e000-7f596c8a0000 rw-p 00000000 00:00 0 
7f596c8a0000-7f596cd6e000 rw-p 00000000 00:00 0 
7f596cd6e000-7f596cd98000 rw-p 00000000 00:00 0 
7f596cd98000-7f596cfff000 rw-p 00000000 00:00 0 
7f596cfff000-7f596d000000 rw-p 00000000 00:00 0 
7f596d000000-7f596d270000 rwxp 00000000 00:00 0 
7f596d270000-7f597011b000 rw-p 00000000 00:00 0 
7f597011b000-7f5974000000 ---p 00000000 00:00 0 
7f5974004000-7f5974025000 rw-p 00000000 00:00 0 
7f5974025000-7f5974026000 ---p 00000000 00:00 0 
7f5974026000-7f5974126000 rw-p 00000000 00:00 0                          [stack:22412]
7f5974126000-7f5974127000 ---p 00000000 00:00 0 
7f5974127000-7f5974227000 rw-p 00000000 00:00 0                          [stack:22411]
7f5974227000-7f5974228000 ---p 00000000 00:00 0 
7f5974228000-7f5974333000 rw-p 00000000 00:00 0                          [stack:22410]
7f5974333000-7f597437b000 rw-p 00000000 00:00 0 
7f597437b000-7f5974383000 r-xp 00000000 08:01 23596570                   /usr/lib/jvm/java-7-openjdk-amd64/jre/lib/amd64/libzip.so
7f5974383000-7f5974582000 ---p 00008000 08:01 23596570                   /usr/lib/jvm/java-7-openjdk-amd64/jre/lib/amd64/libzip.so
7f5974582000-7f5974583000 r--p 00007000 08:01 23596570                   /usr/lib/jvm/java-7-openjdk-amd64/jre/lib/amd64/libzip.so
7f5974583000-7f5974584000 rw-p 00008000 08:01 23596570                   /usr/lib/jvm/java-7-openjdk-amd64/jre/lib/amd64/libzip.so
7f5974584000-7f597458f000 r-xp 00000000 08:01 10486751                   /lib/x86_64-linux-gnu/libnss_files-2.19.so
7f597458f000-7f597478e000 ---p 0000b000 08:01 10486751                   /lib/x86_64-linux-gnu/libnss_files-2.19.so
7f597478e000-7f597478f000 r--p 0000a000 08:01 10486751                   /lib/x86_64-linux-gnu/libnss_files-2.19.so
7f597478f000-7f5974790000 rw-p 0000b000 08:01 10486751                   /lib/x86_64-linux-gnu/libnss_files-2.19.so
7f5974790000-7f597479b000 r-xp 00000000 08:01 10486823                   /lib/x86_64-linux-gnu/libnss_nis-2.19.so
7f597479b000-7f597499a000 ---p 0000b000 08:01 10486823                   /lib/x86_64-linux-gnu/libnss_nis-2.19.so
7f597499a000-7f597499b000 r--p 0000a000 08:01 10486823                   /lib/x86_64-linux-gnu/libnss_nis-2.19.so
7f597499b000-7f597499c000 rw-p 0000b000 08:01 10486823                   /lib/x86_64-linux-gnu/libnss_nis-2.19.so
7f597499c000-7f59749b3000 r-xp 00000000 08:01 10486776                   /lib/x86_64-linux-gnu/libnsl-2.19.so
7f59749b3000-7f5974bb2000 ---p 00017000 08:01 10486776                   /lib/x86_64-linux-gnu/libnsl-2.19.so
7f5974bb2000-7f5974bb3000 r--p 00016000 08:01 10486776                   /lib/x86_64-linux-gnu/libnsl-2.19.so
7f5974bb3000-7f5974bb4000 rw-p 00017000 08:01 10486776                   /lib/x86_64-linux-gnu/libnsl-2.19.so
7f5974bb4000-7f5974bb6000 rw-p 00000000 00:00 0 
7f5974bb6000-7f5974bbf000 r-xp 00000000 08:01 10486775                   /lib/x86_64-linux-gnu/libnss_compat-2.19.so
7f5974bbf000-7f5974dbe000 ---p 00009000 08:01 10486775                   /lib/x86_64-linux-gnu/libnss_compat-2.19.so
7f5974dbe000-7f5974dbf000 r--p 00008000 08:01 10486775                   /lib/x86_64-linux-gnu/libnss_compat-2.19.so
7f5974dbf000-7f5974dc0000 rw-p 00009000 08:01 10486775                   /lib/x86_64-linux-gnu/libnss_compat-2.19.so
7f5974dc0000-7f59750c9000 r--p 00000000 08:01 23467953                   /usr/lib/locale/locale-archive
7f59750c9000-7f59750cb000 r-xp 00000000 08:01 23596577                   /usr/lib/jvm/java-7-openjdk-amd64/jre/lib/amd64/libnpt.so
7f59750cb000-7f59752cb000 ---p 00002000 08:01 23596577                   /usr/lib/jvm/java-7-openjdk-amd64/jre/lib/amd64/libnpt.so
7f59752cb000-7f59752cc000 r--p 00002000 08:01 23596577                   /usr/lib/jvm/java-7-openjdk-amd64/jre/lib/amd64/libnpt.so
7f59752cc000-7f59752cd000 rw-p 00003000 08:01 23596577                   /usr/lib/jvm/java-7-openjdk-amd64/jre/lib/amd64/libnpt.so
7f59752cd000-7f5975307000 r-xp 00000000 08:01 23596582                   /usr/lib/jvm/java-7-openjdk-amd64/jre/lib/amd64/libjdwp.so
7f5975307000-7f5975506000 ---p 0003a000 08:01 23596582                   /usr/lib/jvm/java-7-openjdk-amd64/jre/lib/amd64/libjdwp.so
7f5975506000-7f5975507000 r--p 00039000 08:01 23596582                   /usr/lib/jvm/java-7-openjdk-amd64/jre/lib/amd64/libjdwp.so
7f5975507000-7f5975508000 rw-p 0003a000 08:01 23596582                   /usr/lib/jvm/java-7-openjdk-amd64/jre/lib/amd64/libjdwp.so
7f5975508000-7f5975533000 r-xp 00000000 08:01 23596578                   /usr/lib/jvm/java-7-openjdk-amd64/jre/lib/amd64/libjava.so
7f5975533000-7f5975733000 ---p 0002b000 08:01 23596578                   /usr/lib/jvm/java-7-openjdk-amd64/jre/lib/amd64/libjava.so
7f5975733000-7f5975734000 r--p 0002b000 08:01 23596578                   /usr/lib/jvm/java-7-openjdk-amd64/jre/lib/amd64/libjava.so
7f5975734000-7f5975736000 rw-p 0002c000 08:01 23596578                   /usr/lib/jvm/java-7-openjdk-amd64/jre/lib/amd64/libjava.so
7f5975736000-7f5975746000 r-xp 00000000 08:01 23596592                   /usr/lib/jvm/java-7-openjdk-amd64/jre/lib/amd64/libverify.so
7f5975746000-7f5975945000 ---p 00010000 08:01 23596592                   /usr/lib/jvm/java-7-openjdk-amd64/jre/lib/amd64/libverify.so
7f5975945000-7f5975947000 r--p 0000f000 08:01 23596592                   /usr/lib/jvm/java-7-openjdk-amd64/jre/lib/amd64/libverify.so
7f5975947000-7f5975948000 rw-p 00011000 08:01 23596592                   /usr/lib/jvm/java-7-openjdk-amd64/jre/lib/amd64/libverify.so
7f5975948000-7f597594f000 r-xp 00000000 08:01 10486819                   /lib/x86_64-linux-gnu/librt-2.19.so
7f597594f000-7f5975b4e000 ---p 00007000 08:01 10486819                   /lib/x86_64-linux-gnu/librt-2.19.so
7f5975b4e000-7f5975b4f000 r--p 00006000 08:01 10486819                   /lib/x86_64-linux-gnu/librt-2.19.so
7f5975b4f000-7f5975b50000 rw-p 00007000 08:01 10486819                   /lib/x86_64-linux-gnu/librt-2.19.so
7f5975b50000-7f5975b66000 r-xp 00000000 08:01 10489898                   /lib/x86_64-linux-gnu/libgcc_s.so.1
7f5975b66000-7f5975d65000 ---p 00016000 08:01 10489898                   /lib/x86_64-linux-gnu/libgcc_s.so.1
7f5975d65000-7f5975d66000 rw-p 00015000 08:01 10489898                   /lib/x86_64-linux-gnu/libgcc_s.so.1
7f5975d66000-7f5975e6b000 r-xp 00000000 08:01 10486750                   /lib/x86_64-linux-gnu/libm-2.19.so
7f5975e6b000-7f597606a000 ---p 00105000 08:01 10486750                   /lib/x86_64-linux-gnu/libm-2.19.so
7f597606a000-7f597606b000 r--p 00104000 08:01 10486750                   /lib/x86_64-linux-gnu/libm-2.19.so
7f597606b000-7f597606c000 rw-p 00105000 08:01 10486750                   /lib/x86_64-linux-gnu/libm-2.19.so
7f597606c000-7f5976152000 r-xp 00000000 08:01 23465719                   /usr/lib/x86_64-linux-gnu/libstdc++.so.6.0.19
7f5976152000-7f5976351000 ---p 000e6000 08:01 23465719                   /usr/lib/x86_64-linux-gnu/libstdc++.so.6.0.19
7f5976351000-7f5976359000 r--p 000e5000 08:01 23465719                   /usr/lib/x86_64-linux-gnu/libstdc++.so.6.0.19
7f5976359000-7f597635b000 rw-p 000ed000 08:01 23465719                   /usr/lib/x86_64-linux-gnu/libstdc++.so.6.0.19
7f597635b000-7f5976370000 rw-p 00000000 00:00 0 
7f5976370000-7f5976e94000 r-xp 00000000 08:01 23596584                   /usr/lib/jvm/java-7-openjdk-amd64/jre/lib/amd64/server/libjvm.so
7f5976e94000-7f5977094000 ---p 00b24000 08:01 23596584                   /usr/lib/jvm/java-7-openjdk-amd64/jre/lib/amd64/server/libjvm.so
7f5977094000-7f597712e000 r--p 00b24000 08:01 23596584                   /usr/lib/jvm/java-7-openjdk-amd64/jre/lib/amd64/server/libjvm.so
7f597712e000-7f5977151000 rw-p 00bbe000 08:01 23596584                   /usr/lib/jvm/java-7-openjdk-amd64/jre/lib/amd64/server/libjvm.so
7f5977151000-7f597717f000 rw-p 00000000 00:00 0 
7f597717f000-7f5977197000 r-xp 00000000 08:01 10485933                   /lib/x86_64-linux-gnu/libz.so.1.2.8
7f5977197000-7f5977396000 ---p 00018000 08:01 10485933                   /lib/x86_64-linux-gnu/libz.so.1.2.8
7f5977396000-7f5977397000 r--p 00017000 08:01 10485933                   /lib/x86_64-linux-gnu/libz.so.1.2.8
7f5977397000-7f5977398000 rw-p 00018000 08:01 10485933                   /lib/x86_64-linux-gnu/libz.so.1.2.8
7f5977398000-7f59773b1000 r-xp 00000000 08:01 10486816                   /lib/x86_64-linux-gnu/libpthread-2.19.so
7f59773b1000-7f59775b0000 ---p 00019000 08:01 10486816                   /lib/x86_64-linux-gnu/libpthread-2.19.so
7f59775b0000-7f59775b1000 r--p 00018000 08:01 10486816                   /lib/x86_64-linux-gnu/libpthread-2.19.so
7f59775b1000-7f59775b2000 rw-p 00019000 08:01 10486816                   /lib/x86_64-linux-gnu/libpthread-2.19.so
7f59775b2000-7f59775b6000 rw-p 00000000 00:00 0 
7f59775b6000-7f59775b9000 r-xp 00000000 08:01 10486758                   /lib/x86_64-linux-gnu/libdl-2.19.so
7f59775b9000-7f59777b8000 ---p 00003000 08:01 10486758                   /lib/x86_64-linux-gnu/libdl-2.19.so
7f59777b8000-7f59777b9000 r--p 00002000 08:01 10486758                   /lib/x86_64-linux-gnu/libdl-2.19.so
7f59777b9000-7f59777ba000 rw-p 00003000 08:01 10486758                   /lib/x86_64-linux-gnu/libdl-2.19.so
7f59777ba000-7f5977975000 r-xp 00000000 08:01 10486814                   /lib/x86_64-linux-gnu/libc-2.19.so
7f5977975000-7f5977b74000 ---p 001bb000 08:01 10486814                   /lib/x86_64-linux-gnu/libc-2.19.so
7f5977b74000-7f5977b78000 r--p 001ba000 08:01 10486814                   /lib/x86_64-linux-gnu/libc-2.19.so
7f5977b78000-7f5977b7a000 rw-p 001be000 08:01 10486814                   /lib/x86_64-linux-gnu/libc-2.19.so
7f5977b7a000-7f5977b7f000 rw-p 00000000 00:00 0 
7f5977b7f000-7f5977b8c000 r-xp 00000000 08:01 23596593                   /usr/lib/jvm/java-7-openjdk-amd64/jre/lib/amd64/jli/libjli.so
7f5977b8c000-7f5977d8b000 ---p 0000d000 08:01 23596593                   /usr/lib/jvm/java-7-openjdk-amd64/jre/lib/amd64/jli/libjli.so
7f5977d8b000-7f5977d8c000 r--p 0000c000 08:01 23596593                   /usr/lib/jvm/java-7-openjdk-amd64/jre/lib/amd64/jli/libjli.so
7f5977d8c000-7f5977d8d000 rw-p 0000d000 08:01 23596593                   /usr/lib/jvm/java-7-openjdk-amd64/jre/lib/amd64/jli/libjli.so
7f5977d8d000-7f5977db0000 r-xp 00000000 08:01 10486801                   /lib/x86_64-linux-gnu/ld-2.19.so
7f5977dc2000-7f5977dcc000 rw-p 00000000 00:00 0 
7f5977dcc000-7f5977e82000 rw-p 00000000 00:00 0 
7f5977e82000-7f5977e85000 ---p 00000000 00:00 0 
7f5977e85000-7f5977f88000 rw-p 00000000 00:00 0                          [stack:22408]
7f5977f8d000-7f5977f8f000 rw-p 00000000 00:00 0 
7f5977f8f000-7f5977f93000 r--s 00085000 08:01 23596545                   /usr/lib/jvm/java-7-openjdk-amd64/jre/lib/ext/localedata.jar
7f5977f93000-7f5977f97000 r--s 0003c000 08:01 23596548                   /usr/lib/jvm/java-7-openjdk-amd64/jre/lib/ext/sunpkcs11.jar
7f5977f97000-7f5977f9b000 r--s 00034000 08:01 23596547                   /usr/lib/jvm/java-7-openjdk-amd64/jre/lib/ext/sunjce_provider.jar
7f5977f9b000-7f5977f9e000 r--s 0000f000 08:01 23596546                   /usr/lib/jvm/java-7-openjdk-amd64/jre/lib/ext/icedtea-sound.jar
7f5977f9e000-7f5977fa0000 r--s 00012000 08:01 23596544                   /usr/lib/jvm/java-7-openjdk-amd64/jre/lib/ext/zipfs.jar
7f5977fa0000-7f5977fa2000 r--s 00006000 08:01 23990789                   /usr/share/java/java-atk-wrapper.jar
7f5977fa2000-7f5977fa3000 r--s 00002000 08:01 23596549                   /usr/lib/jvm/java-7-openjdk-amd64/jre/lib/ext/dnsns.jar
7f5977fa3000-7f5977fab000 rw-s 00000000 08:01 6685076                    /tmp/hsperfdata_jonas/22402
7f5977fab000-7f5977fac000 rw-p 00000000 00:00 0 
7f5977fac000-7f5977fad000 r--p 00000000 00:00 0 
7f5977fad000-7f5977faf000 rw-p 00000000 00:00 0 
7f5977faf000-7f5977fb0000 r--p 00022000 08:01 10486801                   /lib/x86_64-linux-gnu/ld-2.19.so
7f5977fb0000-7f5977fb1000 rw-p 00023000 08:01 10486801                   /lib/x86_64-linux-gnu/ld-2.19.so
7f5977fb1000-7f5977fb2000 rw-p 00000000 00:00 0 
7fffeede1000-7fffeee02000 rw-p 00000000 00:00 0                          [stack]
7fffeef67000-7fffeef69000 r-xp 00000000 00:00 0                          [vdso]
ffffffffff600000-ffffffffff601000 r-xp 00000000 00:00 0                  [vsyscall]

VM Arguments:
jvm_args: -agentlib:jdwp=transport=dt_socket,suspend=y,address=localhost:39116 -Dfile.encoding=UTF-8 
java_command: Spiel
Launcher Type: SUN_STANDARD

Environment Variables:
PATH=/usr/local/sbin:/usr/local/bin:/usr/sbin:/usr/bin:/sbin:/bin:/usr/games:/usr/local/games
USERNAME=jonas
SHELL=/bin/bash
DISPLAY=:0

Signal Handlers:
SIGSEGV: [libjvm.so+0x9548f0], sa_mask[0]=0x7ffbfeff, sa_flags=0x10000004
SIGBUS: [libjvm.so+0x9548f0], sa_mask[0]=0x7ffbfeff, sa_flags=0x10000004
SIGFPE: [libjvm.so+0x7cb0b0], sa_mask[0]=0x7ffbfeff, sa_flags=0x10000004
SIGPIPE: [libjvm.so+0x7cb0b0], sa_mask[0]=0x7ffbfeff, sa_flags=0x10000004
SIGXFSZ: [libjvm.so+0x7cb0b0], sa_mask[0]=0x7ffbfeff, sa_flags=0x10000004
SIGILL: [libjvm.so+0x7cb0b0], sa_mask[0]=0x7ffbfeff, sa_flags=0x10000004
SIGUSR1: SIG_DFL, sa_mask[0]=0x00000000, sa_flags=0x00000000
SIGUSR2: [libjvm.so+0x7caf50], sa_mask[0]=0x00000004, sa_flags=0x10000004
SIGHUP: [libjvm.so+0x7cb130], sa_mask[0]=0x7ffbfeff, sa_flags=0x10000004
SIGINT: [libjvm.so+0x7cb130], sa_mask[0]=0x7ffbfeff, sa_flags=0x10000004
SIGTERM: [libjvm.so+0x7cb130], sa_mask[0]=0x7ffbfeff, sa_flags=0x10000004
SIGQUIT: [libjvm.so+0x7cb130], sa_mask[0]=0x7ffbfeff, sa_flags=0x10000004
SIGTRAP: SIG_DFL, sa_mask[0]=0x00000000, sa_flags=0x00000000


---------------  S Y S T E M  ---------------

OS:LinuxMint 17.1 (rebecca)
uname:Linux 3.13.0-37-generic #64-Ubuntu SMP Mon Sep 22 21:28:38 UTC 2014 x86_64
libc:glibc 2.19 NPTL 2.19 
rlimit: STACK 8192k, CORE 0k, NPROC 125718, NOFILE 4096, AS infinity
load average:0.25 0.20 0.16

/proc/meminfo:
MemTotal:       16123188 kB
MemFree:        10861548 kB
Buffers:          345588 kB
Cached:          2710428 kB
SwapCached:            0 kB
Active:          2995204 kB
Inactive:        1863944 kB
Active(anon):    1806792 kB
Inactive(anon):   427300 kB
Active(file):    1188412 kB
Inactive(file):  1436644 kB
Unevictable:           0 kB
Mlocked:               0 kB
SwapTotal:      16657404 kB
SwapFree:       16657404 kB
Dirty:              2776 kB
Writeback:             0 kB
AnonPages:       1803268 kB
Mapped:           372784 kB
Shmem:            430956 kB
Slab:             242732 kB
SReclaimable:     208796 kB
SUnreclaim:        33936 kB
KernelStack:        4856 kB
PageTables:        29280 kB
NFS_Unstable:          0 kB
Bounce:                0 kB
WritebackTmp:          0 kB
CommitLimit:    24718996 kB
Committed_AS:    5371756 kB
VmallocTotal:   34359738367 kB
VmallocUsed:      375788 kB
VmallocChunk:   34359294408 kB
HardwareCorrupted:     0 kB
AnonHugePages:    800768 kB
HugePages_Total:       0
HugePages_Free:        0
HugePages_Rsvd:        0
HugePages_Surp:        0
Hugepagesize:       2048 kB
DirectMap4k:       82104 kB
DirectMap2M:    16379904 kB


CPU:total 4 (4 cores per cpu, 1 threads per core) family 6 model 58 stepping 9, cmov, cx8, fxsr, mmx, sse, sse2, sse3, ssse3, sse4.1, sse4.2, popcnt, avx, aes, erms, tsc, tscinvbit, tscinv

/proc/cpuinfo:
processor	: 0
vendor_id	: GenuineIntel
cpu family	: 6
model		: 58
model name	: Intel(R) Core(TM) i5-3570K CPU @ 3.40GHz
stepping	: 9
microcode	: 0x12
cpu MHz		: 2400.000
cache size	: 6144 KB
physical id	: 0
siblings	: 4
core id		: 0
cpu cores	: 4
apicid		: 0
initial apicid	: 0
fpu		: yes
fpu_exception	: yes
cpuid level	: 13
wp		: yes
flags		: fpu vme de pse tsc msr pae mce cx8 apic sep mtrr pge mca cmov pat pse36 clflush dts acpi mmx fxsr sse sse2 ss ht tm pbe syscall nx rdtscp lm constant_tsc arch_perfmon pebs bts rep_good nopl xtopology nonstop_tsc aperfmperf eagerfpu pni pclmulqdq dtes64 monitor ds_cpl vmx est tm2 ssse3 cx16 xtpr pdcm pcid sse4_1 sse4_2 popcnt tsc_deadline_timer aes xsave avx f16c rdrand lahf_lm ida arat epb xsaveopt pln pts dtherm tpr_shadow vnmi flexpriority ept vpid fsgsbase smep erms
bogomips	: 6935.37
clflush size	: 64
cache_alignment	: 64
address sizes	: 36 bits physical, 48 bits virtual
power management:

processor	: 1
vendor_id	: GenuineIntel
cpu family	: 6
model		: 58
model name	: Intel(R) Core(TM) i5-3570K CPU @ 3.40GHz
stepping	: 9
microcode	: 0x12
cpu MHz		: 2000.000
cache size	: 6144 KB
physical id	: 0
siblings	: 4
core id		: 1
cpu cores	: 4
apicid		: 2
initial apicid	: 2
fpu		: yes
fpu_exception	: yes
cpuid level	: 13
wp		: yes
flags		: fpu vme de pse tsc msr pae mce cx8 apic sep mtrr pge mca cmov pat pse36 clflush dts acpi mmx fxsr sse sse2 ss ht tm pbe syscall nx rdtscp lm constant_tsc arch_perfmon pebs bts rep_good nopl xtopology nonstop_tsc aperfmperf eagerfpu pni pclmulqdq dtes64 monitor ds_cpl vmx est tm2 ssse3 cx16 xtpr pdcm pcid sse4_1 sse4_2 popcnt tsc_deadline_timer aes xsave avx f16c rdrand lahf_lm ida arat epb xsaveopt pln pts dtherm tpr_shadow vnmi flexpriority ept vpid fsgsbase smep erms
bogomips	: 6935.37
clflush size	: 64
cache_alignment	: 64
address sizes	: 36 bits physical, 48 bits virtual
power management:

processor	: 2
vendor_id	: GenuineIntel
cpu family	: 6
model		: 58
model name	: Intel(R) Core(TM) i5-3570K CPU @ 3.40GHz
stepping	: 9
microcode	: 0x12
cpu MHz		: 3000.000
cache size	: 6144 KB
physical id	: 0
siblings	: 4
core id		: 2
cpu cores	: 4
apicid		: 4
initial apicid	: 4
fpu		: yes
fpu_exception	: yes
cpuid level	: 13
wp		: yes
flags		: fpu vme de pse tsc msr pae mce cx8 apic sep mtrr pge mca cmov pat pse36 clflush dts acpi mmx fxsr sse sse2 ss ht tm pbe syscall nx rdtscp lm constant_tsc arch_perfmon pebs bts rep_good nopl xtopology nonstop_tsc aperfmperf eagerfpu pni pclmulqdq dtes64 monitor ds_cpl vmx est tm2 ssse3 cx16 xtpr pdcm pcid sse4_1 sse4_2 popcnt tsc_deadline_timer aes xsave avx f16c rdrand lahf_lm ida arat epb xsaveopt pln pts dtherm tpr_shadow vnmi flexpriority ept vpid fsgsbase smep erms
bogomips	: 6935.37
clflush size	: 64
cache_alignment	: 64
address sizes	: 36 bits physical, 48 bits virtual
power management:

processor	: 3
vendor_id	: GenuineIntel
cpu family	: 6
model		: 58
model name	: Intel(R) Core(TM) i5-3570K CPU @ 3.40GHz
stepping	: 9
microcode	: 0x12
cpu MHz		: 2200.000
cache size	: 6144 KB
physical id	: 0
siblings	: 4
core id		: 3
cpu cores	: 4
apicid		: 6
initial apicid	: 6
fpu		: yes
fpu_exception	: yes
cpuid level	: 13
wp		: yes
flags		: fpu vme de pse tsc msr pae mce cx8 apic sep mtrr pge mca cmov pat pse36 clflush dts acpi mmx fxsr sse sse2 ss ht tm pbe syscall nx rdtscp lm constant_tsc arch_perfmon pebs bts rep_good nopl xtopology nonstop_tsc aperfmperf eagerfpu pni pclmulqdq dtes64 monitor ds_cpl vmx est tm2 ssse3 cx16 xtpr pdcm pcid sse4_1 sse4_2 popcnt tsc_deadline_timer aes xsave avx f16c rdrand lahf_lm ida arat epb xsaveopt pln pts dtherm tpr_shadow vnmi flexpriority ept vpid fsgsbase smep erms
bogomips	: 6935.37
clflush size	: 64
cache_alignment	: 64
address sizes	: 36 bits physical, 48 bits virtual
power management:



Memory: 4k page, physical 16123188k(10861548k free), swap 16657404k(16657404k free)

vm_info: OpenJDK 64-Bit Server VM (24.91-b01) for linux-amd64 JRE (1.7.0_91-b02), built on Nov 19 2015 06:14:37 by "buildd" with gcc 4.8.2

time: Tue Dec 22 16:00:28 2015
elapsed time: 1161 seconds

