#
# A fatal error has been detected by the Java Runtime Environment:
#
#  SIGSEGV (0xb) at pc=0x00007f5adb1839a0, pid=21680, tid=140027921762048
#
# JRE version: OpenJDK Runtime Environment (7.0_91-b02) (build 1.7.0_91-b02)
# Java VM: OpenJDK 64-Bit Server VM (24.91-b01 mixed mode linux-amd64 compressed oops)
# Derivative: IcedTea 2.6.3
# Distribution: Ubuntu 14.04 LTS, package 7u91-2.6.3-0ubuntu0.14.04.1
# Problematic frame:
# V  [libjvm.so+0x6449a0]  jvmti_IsMethodSynthetic+0x1f0
#
# Failed to write core dump. Core dumps have been disabled. To enable core dumping, try "ulimit -c unlimited" before starting Java again
#
# If you would like to submit a bug report, please include
# instructions on how to reproduce the bug and visit:
#   http://icedtea.classpath.org/bugzilla
#

---------------  T H R E A D  ---------------

Current thread (0x00007f5ad40b6000):  JavaThread "JDWP Transport Listener: dt_socket" daemon [_thread_in_vm, id=21697, stack(0x00007f5aca790000,0x00007f5aca891000)]

siginfo:si_signo=SIGSEGV: si_errno=0, si_code=128 (), si_addr=0x0000000000000000

Registers:
RAX=0x0000000000000063, RBX=0x00007f5ad4003960, RCX=0x00007f5adbd80320, RDX=0x0000000000000001
RSP=0x00007f5aca88f9d0, RBP=0x00007f5aca88fa30, RSI=0x00007f5ad40b6000, RDI=0x00007f5ad4003960
R8 =0x0000000000000000, R9 =0x00007f5a94004ad0, R10=0x00007f5a94004181, R11=0x00007f5adc101760
R12=0x3b617461446e003b, R13=0x00007f5aca88fa97, R14=0x00007f5ad40b6000, R15=0x00007f5aca88f9e0
RIP=0x00007f5adb1839a0, EFLAGS=0x0000000000010202, CSGSFS=0x0000000000000033, ERR=0x0000000000000000
  TRAPNO=0x000000000000000d

Top of Stack: (sp=0x00007f5aca88f9d0)
0x00007f5aca88f9d0:   00007f5adb9339ac 00007f5adb1d0e96
0x00007f5aca88f9e0:   00007f5ad40b6000 0000000000000000
0x00007f5aca88f9f0:   00007f5a00000000 0000000000000000
0x00007f5aca88fa00:   00007f5aca88fb80 00007f5aca88fa97
0x00007f5aca88fa10:   00007f5ad9cd6f00 3b617461446e003b
0x00007f5aca88fa20:   00007f5aca88fa97 00007f5aca88fa9c
0x00007f5aca88fa30:   00007f5aca88fa60 00007f5ad9ac2aa9
0x00007f5aca88fa40:   00007f5aca88fa60 0000000000000003
0x00007f5aca88fa50:   00007f5aca88fb80 3b617461446e003b
0x00007f5aca88fa60:   00007f5aca88faf0 00007f5ad9aa35f8
0x00007f5aca88fa70:   00007f5aca88fab0 00007f5aca88fab0
0x00007f5aca88fa80:   00007f5aca88fab8 00000001d9aa84c9
0x00007f5aca88fa90:   00007f5aca88fb50 0000000a00000004
0x00007f5aca88faa0:   00007f5a94004220 0000000000000000
0x00007f5aca88fab0:   0000000000000000 0000000000000000
0x00007f5aca88fac0:   00007f5aca88fb50 00000000000f0200
0x00007f5aca88fad0:   00007f5aca88fb50 0000000000000002
0x00007f5aca88fae0:   00007f5aca88fb80 00007f5ad9cd6f00
0x00007f5aca88faf0:   00007f5aca88fd40 00007f5ad9aad688
0x00007f5aca88fb00:   000080e400000013 00007f5a940f0200
0x00007f5aca88fb10:   00007f5a8c000ba0 00007f5a94000020
0x00007f5aca88fb20:   0000000000000020 00007f5a8c00080f
0x00007f5aca88fb30:   000080e400000013 00007f5a940f0200
0x00007f5aca88fb40:   00007f5a8c000ba0 00007f5ad40ad5e8
0x00007f5aca88fb50:   00007f5a8c000ba8 000000000000000b
0x00007f5aca88fb60:   000080e400000013 00007f5a940f0200
0x00007f5aca88fb70:   00007f5a8c000ba0 00007f5a94003170
0x00007f5aca88fb80:   00007f5aca88fc56 00000000000000a6
0x00007f5aca88fb90:   00007f5aca88fb98 00007f5a00000086
0x00007f5aca88fba0:   00007f5aca88fbd0 0000000000000000
0x00007f5aca88fbb0:   00007f0000000000 000080e40000001c
0x00007f5aca88fbc0:   00007f5a0000fc80 00007f5aca88fbd0 

Instructions: (pc=0x00007f5adb1839a0)
0x00007f5adb183980:   48 c1 e8 04 23 02 48 8d 15 d3 b5 7a 00 48 03 02
0x00007f5adb183990:   c7 00 01 00 00 00 e9 a6 fe ff ff 4d 85 e4 74 3b
0x00007f5adb1839a0:   4d 8b 24 24 48 b8 fe fe fe fe fe fe fe fe 49 39
0x00007f5adb1839b0:   c4 74 28 4d 85 e4 74 23 48 8d 05 14 5d 7a 00 80 

Register to memory mapping:

RAX=0x0000000000000063 is an unknown value
RBX=0x00007f5ad4003960 is an unknown value
RCX=0x00007f5adbd80320: <offset 0x219320> in /lib/x86_64-linux-gnu/libpthread.so.0 at 0x00007f5adbb67000
RDX=0x0000000000000001 is an unknown value
RSP=0x00007f5aca88f9d0 is pointing into the stack for thread: 0x00007f5ad40b6000
RBP=0x00007f5aca88fa30 is pointing into the stack for thread: 0x00007f5ad40b6000
RSI=0x00007f5ad40b6000 is a thread
RDI=0x00007f5ad4003960 is an unknown value
R8 =0x0000000000000000 is an unknown value
R9 =0x00007f5a94004ad0 is an unknown value
R10=0x00007f5a94004181 is an unknown value
R11=0x00007f5adc101760: <offset 0x178760> in /lib/x86_64-linux-gnu/libc.so.6 at 0x00007f5adbf89000
R12=0x3b617461446e003b is an unknown value
R13=0x00007f5aca88fa97 is pointing into the stack for thread: 0x00007f5ad40b6000
R14=0x00007f5ad40b6000 is a thread
R15=0x00007f5aca88f9e0 is pointing into the stack for thread: 0x00007f5ad40b6000


Stack: [0x00007f5aca790000,0x00007f5aca891000],  sp=0x00007f5aca88f9d0,  free space=1022k
Native frames: (J=compiled Java code, j=interpreted, Vv=VM code, C=native code)
V  [libjvm.so+0x6449a0]  jvmti_IsMethodSynthetic+0x1f0
C  [libjdwp.so+0x26aa9]
C  [libjdwp.so+0x75f8]
C  [libjdwp.so+0x11688]
C  [libjdwp.so+0x23785]
V  [libjvm.so+0x6b0ecb]  JvmtiAgentThread::start_function_wrapper(JavaThread*, Thread*)+0x9b
V  [libjvm.so+0x906c70]  JavaThread::thread_main_inner()+0xf0
V  [libjvm.so+0x906ee1]  JavaThread::run()+0x221
V  [libjvm.so+0x7cc742]  java_start(Thread*)+0xf2


---------------  P R O C E S S  ---------------

Java Threads: ( => current thread )
  0x00007f5ad40c1000 JavaThread "Service Thread" daemon [_thread_blocked, id=21708, stack(0x00007f5aca28b000,0x00007f5aca38c000)]
  0x00007f5ad40bf000 JavaThread "C2 CompilerThread1" daemon [_thread_blocked, id=21707, stack(0x00007f5aca38c000,0x00007f5aca48d000)]
  0x00007f5ad40bc000 JavaThread "C2 CompilerThread0" daemon [_thread_blocked, id=21706, stack(0x00007f5aca48d000,0x00007f5aca58e000)]
  0x00007f5a94001000 JavaThread "JDWP Command Reader" daemon [_thread_in_native, id=21701, stack(0x00007f5aca58e000,0x00007f5aca68f000)]
  0x00007f5ad40b9800 JavaThread "JDWP Event Helper Thread" daemon [_thread_blocked, id=21699, stack(0x00007f5aca68f000,0x00007f5aca790000)]
=>0x00007f5ad40b6000 JavaThread "JDWP Transport Listener: dt_socket" daemon [_thread_in_vm, id=21697, stack(0x00007f5aca790000,0x00007f5aca891000)]
  0x00007f5ad40a9000 JavaThread "Signal Dispatcher" daemon [_thread_blocked, id=21695, stack(0x00007f5acaa96000,0x00007f5acab97000)]
  0x00007f5ad407f000 JavaThread "Finalizer" daemon [_thread_blocked, id=21694, stack(0x00007f5acab97000,0x00007f5acac98000)]
  0x00007f5ad407d000 JavaThread "Reference Handler" daemon [_thread_blocked, id=21693, stack(0x00007f5acac98000,0x00007f5acad99000)]
  0x00007f5ad400d800 JavaThread "main" [_thread_blocked, id=21687, stack(0x00007f5adc651000,0x00007f5adc752000)]

Other Threads:
  0x00007f5ad4079000 VMThread [stack: 0x00007f5acad99000,0x00007f5acae9a000] [id=21692]
  0x00007f5ad40cb800 WatcherThread [stack: 0x00007f5aca18a000,0x00007f5aca28b000] [id=21709]

VM state:not at safepoint (normal execution)

VM Mutex/Monitor currently owned by a thread: None

Heap
 PSYoungGen      total 73728K, used 3809K [0x00000007adf00000, 0x00000007b3100000, 0x0000000800000000)
  eden space 63488K, 6% used [0x00000007adf00000,0x00000007ae2b8628,0x00000007b1d00000)
  from space 10240K, 0% used [0x00000007b2700000,0x00000007b2700000,0x00000007b3100000)
  to   space 10240K, 0% used [0x00000007b1d00000,0x00000007b1d00000,0x00000007b2700000)
 ParOldGen       total 167936K, used 0K [0x0000000709e00000, 0x0000000714200000, 0x00000007adf00000)
  object space 167936K, 0% used [0x0000000709e00000,0x0000000709e00000,0x0000000714200000)
 PSPermGen       total 21504K, used 2775K [0x00000006ff800000, 0x0000000700d00000, 0x0000000709e00000)
  object space 21504K, 12% used [0x00000006ff800000,0x00000006ffab5ec8,0x0000000700d00000)

Card table byte_map: [0x00007f5ad8345000,0x00007f5ad8b4a000] byte_map_base: 0x00007f5ad4b49000

Polling page: 0x00007f5adc77b000

Code Cache  [0x00007f5ad1000000, 0x00007f5ad1270000, 0x00007f5ad4000000)
 total_blobs=158 nmethods=0 adapters=135 free_code_cache=48776Kb largest_free_block=49946752

Compilation events (0 events):
No events

GC Heap History (0 events):
No events

Deoptimization events (0 events):
No events

Internal exceptions (5 events):
Event: 0.019 Thread 0x00007f5ad400d800 Threw 0x00000007adf0f140 at /build/openjdk-7-zaTxYK/openjdk-7-7u91-2.6.3/build/openjdk/hotspot/src/share/vm/prims/jni.cpp:4027
Event: 0.116 Thread 0x00007f5ad400d800 Threw 0x00000007adf48930 at /build/openjdk-7-zaTxYK/openjdk-7-7u91-2.6.3/build/openjdk/hotspot/src/share/vm/prims/jni.cpp:721
Event: 0.116 Thread 0x00007f5ad400d800 Threw 0x00000007adf48ab0 at /build/openjdk-7-zaTxYK/openjdk-7-7u91-2.6.3/build/openjdk/hotspot/src/share/vm/prims/jvm.cpp:1322
Event: 0.116 Thread 0x00007f5ad400d800 Threw 0x00000007adf48bd8 at /build/openjdk-7-zaTxYK/openjdk-7-7u91-2.6.3/build/openjdk/hotspot/src/share/vm/prims/jvm.cpp:1322
Event: 0.116 Thread 0x00007f5ad400d800 Threw 0x00000007adf4a930 at /build/openjdk-7-zaTxYK/openjdk-7-7u91-2.6.3/build/openjdk/hotspot/src/share/vm/prims/jvm.cpp:1322

Events (10 events):
Event: 1391.764 Executing VM operation: GetCurrentLocation
Event: 1391.764 Executing VM operation: GetCurrentLocation done
Event: 1391.764 Executing VM operation: EnterInterpOnlyMode
Event: 1391.764 Executing VM operation: EnterInterpOnlyMode done
Event: 1391.764 Executing VM operation: ChangeSingleStep
Event: 1391.764 Executing VM operation: ChangeSingleStep done
Event: 1391.764 Executing VM operation: ChangeSingleStep
Event: 1391.764 Executing VM operation: ChangeSingleStep done
Event: 1391.765 Executing VM operation: RedefineClasses
Event: 1391.765 Executing VM operation: RedefineClasses done


Dynamic libraries:
00400000-00401000 r-xp 00000000 08:01 23595147                           /usr/lib/jvm/java-7-openjdk-amd64/jre/bin/java
00600000-00601000 r--p 00000000 08:01 23595147                           /usr/lib/jvm/java-7-openjdk-amd64/jre/bin/java
00601000-00602000 rw-p 00001000 08:01 23595147                           /usr/lib/jvm/java-7-openjdk-amd64/jre/bin/java
011c7000-011e8000 rw-p 00000000 00:00 0                                  [heap]
6ff800000-700d00000 rw-p 00000000 00:00 0 
700d00000-709e00000 rw-p 00000000 00:00 0 
709e00000-714200000 rw-p 00000000 00:00 0 
714200000-7adf00000 rw-p 00000000 00:00 0 
7adf00000-7b3100000 rw-p 00000000 00:00 0 
7b3100000-800000000 rw-p 00000000 00:00 0 
7f5a7c000000-7f5a7c021000 rw-p 00000000 00:00 0 
7f5a7c021000-7f5a80000000 ---p 00000000 00:00 0 
7f5a84000000-7f5a84021000 rw-p 00000000 00:00 0 
7f5a84021000-7f5a88000000 ---p 00000000 00:00 0 
7f5a88000000-7f5a88021000 rw-p 00000000 00:00 0 
7f5a88021000-7f5a8c000000 ---p 00000000 00:00 0 
7f5a8c000000-7f5a8c021000 rw-p 00000000 00:00 0 
7f5a8c021000-7f5a90000000 ---p 00000000 00:00 0 
7f5a90000000-7f5a90021000 rw-p 00000000 00:00 0 
7f5a90021000-7f5a94000000 ---p 00000000 00:00 0 
7f5a94000000-7f5a94021000 rw-p 00000000 00:00 0 
7f5a94021000-7f5a98000000 ---p 00000000 00:00 0 
7f5a98000000-7f5a98021000 rw-p 00000000 00:00 0 
7f5a98021000-7f5a9c000000 ---p 00000000 00:00 0 
7f5a9c000000-7f5a9c021000 rw-p 00000000 00:00 0 
7f5a9c021000-7f5aa0000000 ---p 00000000 00:00 0 
7f5aa0000000-7f5aa0021000 rw-p 00000000 00:00 0 
7f5aa0021000-7f5aa4000000 ---p 00000000 00:00 0 
7f5aa4000000-7f5aa4021000 rw-p 00000000 00:00 0 
7f5aa4021000-7f5aa8000000 ---p 00000000 00:00 0 
7f5aabfc0000-7f5ab4000000 rw-p 00000000 00:00 0 
7f5ab4000000-7f5ab4021000 rw-p 00000000 00:00 0 
7f5ab4021000-7f5ab8000000 ---p 00000000 00:00 0 
7f5ab8000000-7f5ab8021000 rw-p 00000000 00:00 0 
7f5ab8021000-7f5abc000000 ---p 00000000 00:00 0 
7f5abc000000-7f5abc021000 rw-p 00000000 00:00 0 
7f5abc021000-7f5ac0000000 ---p 00000000 00:00 0 
7f5ac4000000-7f5ac4021000 rw-p 00000000 00:00 0 
7f5ac4021000-7f5ac8000000 ---p 00000000 00:00 0 
7f5ac9f4f000-7f5aca18a000 rw-p 00000000 00:00 0 
7f5aca18a000-7f5aca18b000 ---p 00000000 00:00 0 
7f5aca18b000-7f5aca28b000 rw-p 00000000 00:00 0                          [stack:21709]
7f5aca28b000-7f5aca28e000 ---p 00000000 00:00 0 
7f5aca28e000-7f5aca38c000 rw-p 00000000 00:00 0                          [stack:21708]
7f5aca38c000-7f5aca38f000 ---p 00000000 00:00 0 
7f5aca38f000-7f5aca48d000 rw-p 00000000 00:00 0                          [stack:21707]
7f5aca48d000-7f5aca490000 ---p 00000000 00:00 0 
7f5aca490000-7f5aca58e000 rw-p 00000000 00:00 0                          [stack:21706]
7f5aca58e000-7f5aca591000 ---p 00000000 00:00 0 
7f5aca591000-7f5aca68f000 rw-p 00000000 00:00 0                          [stack:21701]
7f5aca68f000-7f5aca692000 ---p 00000000 00:00 0 
7f5aca692000-7f5aca790000 rw-p 00000000 00:00 0                          [stack:21699]
7f5aca790000-7f5aca793000 ---p 00000000 00:00 0 
7f5aca793000-7f5aca891000 rw-p 00000000 00:00 0                          [stack:21697]
7f5aca891000-7f5aca895000 r-xp 00000000 08:01 23596573                   /usr/lib/jvm/java-7-openjdk-amd64/jre/lib/amd64/libdt_socket.so
7f5aca895000-7f5acaa94000 ---p 00004000 08:01 23596573                   /usr/lib/jvm/java-7-openjdk-amd64/jre/lib/amd64/libdt_socket.so
7f5acaa94000-7f5acaa95000 r--p 00003000 08:01 23596573                   /usr/lib/jvm/java-7-openjdk-amd64/jre/lib/amd64/libdt_socket.so
7f5acaa95000-7f5acaa96000 rw-p 00004000 08:01 23596573                   /usr/lib/jvm/java-7-openjdk-amd64/jre/lib/amd64/libdt_socket.so
7f5acaa96000-7f5acaa99000 ---p 00000000 00:00 0 
7f5acaa99000-7f5acab97000 rw-p 00000000 00:00 0                          [stack:21695]
7f5acab97000-7f5acab9a000 ---p 00000000 00:00 0 
7f5acab9a000-7f5acac98000 rw-p 00000000 00:00 0                          [stack:21694]
7f5acac98000-7f5acac9b000 ---p 00000000 00:00 0 
7f5acac9b000-7f5acad99000 rw-p 00000000 00:00 0                          [stack:21693]
7f5acad99000-7f5acad9a000 ---p 00000000 00:00 0 
7f5acad9a000-7f5acbe4e000 rw-p 00000000 00:00 0                          [stack:21692]
7f5acbe4e000-7f5acc000000 r--s 01d2e000 08:01 23596555                   /usr/lib/jvm/java-7-openjdk-amd64/jre/lib/rt.jar
7f5acc000000-7f5acc021000 rw-p 00000000 00:00 0 
7f5acc021000-7f5ad0000000 ---p 00000000 00:00 0 
7f5ad001a000-7f5ad08dd000 rw-p 00000000 00:00 0 
7f5ad08dd000-7f5ad08de000 ---p 00000000 00:00 0 
7f5ad08de000-7f5ad09de000 rw-p 00000000 00:00 0                          [stack:21691]
7f5ad09de000-7f5ad09df000 ---p 00000000 00:00 0 
7f5ad09df000-7f5ad0b31000 rw-p 00000000 00:00 0                          [stack:21690]
7f5ad0b31000-7f5ad1000000 rw-p 00000000 00:00 0 
7f5ad1000000-7f5ad1270000 rwxp 00000000 00:00 0 
7f5ad1270000-7f5ad411b000 rw-p 00000000 00:00 0 
7f5ad411b000-7f5ad8000000 ---p 00000000 00:00 0 
7f5ad801c000-7f5ad80f0000 rw-p 00000000 00:00 0 
7f5ad80f0000-7f5ad80f1000 ---p 00000000 00:00 0 
7f5ad80f1000-7f5ad81f1000 rw-p 00000000 00:00 0                          [stack:21689]
7f5ad81f1000-7f5ad81f2000 ---p 00000000 00:00 0 
7f5ad81f2000-7f5ad82fd000 rw-p 00000000 00:00 0                          [stack:21688]
7f5ad82fd000-7f5ad8345000 rw-p 00000000 00:00 0 
7f5ad8345000-7f5ad8350000 rw-p 00000000 00:00 0 
7f5ad8350000-7f5ad8398000 rw-p 00000000 00:00 0 
7f5ad8398000-7f5ad83ea000 rw-p 00000000 00:00 0 
7f5ad83ea000-7f5ad88b8000 rw-p 00000000 00:00 0 
7f5ad88b8000-7f5ad88e2000 rw-p 00000000 00:00 0 
7f5ad88e2000-7f5ad8b49000 rw-p 00000000 00:00 0 
7f5ad8b49000-7f5ad8b4a000 rw-p 00000000 00:00 0 
7f5ad8b4a000-7f5ad8b52000 r-xp 00000000 08:01 23596570                   /usr/lib/jvm/java-7-openjdk-amd64/jre/lib/amd64/libzip.so
7f5ad8b52000-7f5ad8d51000 ---p 00008000 08:01 23596570                   /usr/lib/jvm/java-7-openjdk-amd64/jre/lib/amd64/libzip.so
7f5ad8d51000-7f5ad8d52000 r--p 00007000 08:01 23596570                   /usr/lib/jvm/java-7-openjdk-amd64/jre/lib/amd64/libzip.so
7f5ad8d52000-7f5ad8d53000 rw-p 00008000 08:01 23596570                   /usr/lib/jvm/java-7-openjdk-amd64/jre/lib/amd64/libzip.so
7f5ad8d53000-7f5ad8d5e000 r-xp 00000000 08:01 10486751                   /lib/x86_64-linux-gnu/libnss_files-2.19.so
7f5ad8d5e000-7f5ad8f5d000 ---p 0000b000 08:01 10486751                   /lib/x86_64-linux-gnu/libnss_files-2.19.so
7f5ad8f5d000-7f5ad8f5e000 r--p 0000a000 08:01 10486751                   /lib/x86_64-linux-gnu/libnss_files-2.19.so
7f5ad8f5e000-7f5ad8f5f000 rw-p 0000b000 08:01 10486751                   /lib/x86_64-linux-gnu/libnss_files-2.19.so
7f5ad8f5f000-7f5ad8f6a000 r-xp 00000000 08:01 10486823                   /lib/x86_64-linux-gnu/libnss_nis-2.19.so
7f5ad8f6a000-7f5ad9169000 ---p 0000b000 08:01 10486823                   /lib/x86_64-linux-gnu/libnss_nis-2.19.so
7f5ad9169000-7f5ad916a000 r--p 0000a000 08:01 10486823                   /lib/x86_64-linux-gnu/libnss_nis-2.19.so
7f5ad916a000-7f5ad916b000 rw-p 0000b000 08:01 10486823                   /lib/x86_64-linux-gnu/libnss_nis-2.19.so
7f5ad916b000-7f5ad9182000 r-xp 00000000 08:01 10486776                   /lib/x86_64-linux-gnu/libnsl-2.19.so
7f5ad9182000-7f5ad9381000 ---p 00017000 08:01 10486776                   /lib/x86_64-linux-gnu/libnsl-2.19.so
7f5ad9381000-7f5ad9382000 r--p 00016000 08:01 10486776                   /lib/x86_64-linux-gnu/libnsl-2.19.so
7f5ad9382000-7f5ad9383000 rw-p 00017000 08:01 10486776                   /lib/x86_64-linux-gnu/libnsl-2.19.so
7f5ad9383000-7f5ad9385000 rw-p 00000000 00:00 0 
7f5ad9385000-7f5ad938e000 r-xp 00000000 08:01 10486775                   /lib/x86_64-linux-gnu/libnss_compat-2.19.so
7f5ad938e000-7f5ad958d000 ---p 00009000 08:01 10486775                   /lib/x86_64-linux-gnu/libnss_compat-2.19.so
7f5ad958d000-7f5ad958e000 r--p 00008000 08:01 10486775                   /lib/x86_64-linux-gnu/libnss_compat-2.19.so
7f5ad958e000-7f5ad958f000 rw-p 00009000 08:01 10486775                   /lib/x86_64-linux-gnu/libnss_compat-2.19.so
7f5ad958f000-7f5ad9898000 r--p 00000000 08:01 23467953                   /usr/lib/locale/locale-archive
7f5ad9898000-7f5ad989a000 r-xp 00000000 08:01 23596577                   /usr/lib/jvm/java-7-openjdk-amd64/jre/lib/amd64/libnpt.so
7f5ad989a000-7f5ad9a9a000 ---p 00002000 08:01 23596577                   /usr/lib/jvm/java-7-openjdk-amd64/jre/lib/amd64/libnpt.so
7f5ad9a9a000-7f5ad9a9b000 r--p 00002000 08:01 23596577                   /usr/lib/jvm/java-7-openjdk-amd64/jre/lib/amd64/libnpt.so
7f5ad9a9b000-7f5ad9a9c000 rw-p 00003000 08:01 23596577                   /usr/lib/jvm/java-7-openjdk-amd64/jre/lib/amd64/libnpt.so
7f5ad9a9c000-7f5ad9ad6000 r-xp 00000000 08:01 23596582                   /usr/lib/jvm/java-7-openjdk-amd64/jre/lib/amd64/libjdwp.so
7f5ad9ad6000-7f5ad9cd5000 ---p 0003a000 08:01 23596582                   /usr/lib/jvm/java-7-openjdk-amd64/jre/lib/amd64/libjdwp.so
7f5ad9cd5000-7f5ad9cd6000 r--p 00039000 08:01 23596582                   /usr/lib/jvm/java-7-openjdk-amd64/jre/lib/amd64/libjdwp.so
7f5ad9cd6000-7f5ad9cd7000 rw-p 0003a000 08:01 23596582                   /usr/lib/jvm/java-7-openjdk-amd64/jre/lib/amd64/libjdwp.so
7f5ad9cd7000-7f5ad9d02000 r-xp 00000000 08:01 23596578                   /usr/lib/jvm/java-7-openjdk-amd64/jre/lib/amd64/libjava.so
7f5ad9d02000-7f5ad9f02000 ---p 0002b000 08:01 23596578                   /usr/lib/jvm/java-7-openjdk-amd64/jre/lib/amd64/libjava.so
7f5ad9f02000-7f5ad9f03000 r--p 0002b000 08:01 23596578                   /usr/lib/jvm/java-7-openjdk-amd64/jre/lib/amd64/libjava.so
7f5ad9f03000-7f5ad9f05000 rw-p 0002c000 08:01 23596578                   /usr/lib/jvm/java-7-openjdk-amd64/jre/lib/amd64/libjava.so
7f5ad9f05000-7f5ad9f15000 r-xp 00000000 08:01 23596592                   /usr/lib/jvm/java-7-openjdk-amd64/jre/lib/amd64/libverify.so
7f5ad9f15000-7f5ada114000 ---p 00010000 08:01 23596592                   /usr/lib/jvm/java-7-openjdk-amd64/jre/lib/amd64/libverify.so
7f5ada114000-7f5ada116000 r--p 0000f000 08:01 23596592                   /usr/lib/jvm/java-7-openjdk-amd64/jre/lib/amd64/libverify.so
7f5ada116000-7f5ada117000 rw-p 00011000 08:01 23596592                   /usr/lib/jvm/java-7-openjdk-amd64/jre/lib/amd64/libverify.so
7f5ada117000-7f5ada11e000 r-xp 00000000 08:01 10486819                   /lib/x86_64-linux-gnu/librt-2.19.so
7f5ada11e000-7f5ada31d000 ---p 00007000 08:01 10486819                   /lib/x86_64-linux-gnu/librt-2.19.so
7f5ada31d000-7f5ada31e000 r--p 00006000 08:01 10486819                   /lib/x86_64-linux-gnu/librt-2.19.so
7f5ada31e000-7f5ada31f000 rw-p 00007000 08:01 10486819                   /lib/x86_64-linux-gnu/librt-2.19.so
7f5ada31f000-7f5ada335000 r-xp 00000000 08:01 10489898                   /lib/x86_64-linux-gnu/libgcc_s.so.1
7f5ada335000-7f5ada534000 ---p 00016000 08:01 10489898                   /lib/x86_64-linux-gnu/libgcc_s.so.1
7f5ada534000-7f5ada535000 rw-p 00015000 08:01 10489898                   /lib/x86_64-linux-gnu/libgcc_s.so.1
7f5ada535000-7f5ada63a000 r-xp 00000000 08:01 10486750                   /lib/x86_64-linux-gnu/libm-2.19.so
7f5ada63a000-7f5ada839000 ---p 00105000 08:01 10486750                   /lib/x86_64-linux-gnu/libm-2.19.so
7f5ada839000-7f5ada83a000 r--p 00104000 08:01 10486750                   /lib/x86_64-linux-gnu/libm-2.19.so
7f5ada83a000-7f5ada83b000 rw-p 00105000 08:01 10486750                   /lib/x86_64-linux-gnu/libm-2.19.so
7f5ada83b000-7f5ada921000 r-xp 00000000 08:01 23465719                   /usr/lib/x86_64-linux-gnu/libstdc++.so.6.0.19
7f5ada921000-7f5adab20000 ---p 000e6000 08:01 23465719                   /usr/lib/x86_64-linux-gnu/libstdc++.so.6.0.19
7f5adab20000-7f5adab28000 r--p 000e5000 08:01 23465719                   /usr/lib/x86_64-linux-gnu/libstdc++.so.6.0.19
7f5adab28000-7f5adab2a000 rw-p 000ed000 08:01 23465719                   /usr/lib/x86_64-linux-gnu/libstdc++.so.6.0.19
7f5adab2a000-7f5adab3f000 rw-p 00000000 00:00 0 
7f5adab3f000-7f5adb663000 r-xp 00000000 08:01 23596584                   /usr/lib/jvm/java-7-openjdk-amd64/jre/lib/amd64/server/libjvm.so
7f5adb663000-7f5adb863000 ---p 00b24000 08:01 23596584                   /usr/lib/jvm/java-7-openjdk-amd64/jre/lib/amd64/server/libjvm.so
7f5adb863000-7f5adb8fd000 r--p 00b24000 08:01 23596584                   /usr/lib/jvm/java-7-openjdk-amd64/jre/lib/amd64/server/libjvm.so
7f5adb8fd000-7f5adb920000 rw-p 00bbe000 08:01 23596584                   /usr/lib/jvm/java-7-openjdk-amd64/jre/lib/amd64/server/libjvm.so
7f5adb920000-7f5adb94e000 rw-p 00000000 00:00 0 
7f5adb94e000-7f5adb966000 r-xp 00000000 08:01 10485933                   /lib/x86_64-linux-gnu/libz.so.1.2.8
7f5adb966000-7f5adbb65000 ---p 00018000 08:01 10485933                   /lib/x86_64-linux-gnu/libz.so.1.2.8
7f5adbb65000-7f5adbb66000 r--p 00017000 08:01 10485933                   /lib/x86_64-linux-gnu/libz.so.1.2.8
7f5adbb66000-7f5adbb67000 rw-p 00018000 08:01 10485933                   /lib/x86_64-linux-gnu/libz.so.1.2.8
7f5adbb67000-7f5adbb80000 r-xp 00000000 08:01 10486816                   /lib/x86_64-linux-gnu/libpthread-2.19.so
7f5adbb80000-7f5adbd7f000 ---p 00019000 08:01 10486816                   /lib/x86_64-linux-gnu/libpthread-2.19.so
7f5adbd7f000-7f5adbd80000 r--p 00018000 08:01 10486816                   /lib/x86_64-linux-gnu/libpthread-2.19.so
7f5adbd80000-7f5adbd81000 rw-p 00019000 08:01 10486816                   /lib/x86_64-linux-gnu/libpthread-2.19.so
7f5adbd81000-7f5adbd85000 rw-p 00000000 00:00 0 
7f5adbd85000-7f5adbd88000 r-xp 00000000 08:01 10486758                   /lib/x86_64-linux-gnu/libdl-2.19.so
7f5adbd88000-7f5adbf87000 ---p 00003000 08:01 10486758                   /lib/x86_64-linux-gnu/libdl-2.19.so
7f5adbf87000-7f5adbf88000 r--p 00002000 08:01 10486758                   /lib/x86_64-linux-gnu/libdl-2.19.so
7f5adbf88000-7f5adbf89000 rw-p 00003000 08:01 10486758                   /lib/x86_64-linux-gnu/libdl-2.19.so
7f5adbf89000-7f5adc144000 r-xp 00000000 08:01 10486814                   /lib/x86_64-linux-gnu/libc-2.19.so
7f5adc144000-7f5adc343000 ---p 001bb000 08:01 10486814                   /lib/x86_64-linux-gnu/libc-2.19.so
7f5adc343000-7f5adc347000 r--p 001ba000 08:01 10486814                   /lib/x86_64-linux-gnu/libc-2.19.so
7f5adc347000-7f5adc349000 rw-p 001be000 08:01 10486814                   /lib/x86_64-linux-gnu/libc-2.19.so
7f5adc349000-7f5adc34e000 rw-p 00000000 00:00 0 
7f5adc34e000-7f5adc35b000 r-xp 00000000 08:01 23596593                   /usr/lib/jvm/java-7-openjdk-amd64/jre/lib/amd64/jli/libjli.so
7f5adc35b000-7f5adc55a000 ---p 0000d000 08:01 23596593                   /usr/lib/jvm/java-7-openjdk-amd64/jre/lib/amd64/jli/libjli.so
7f5adc55a000-7f5adc55b000 r--p 0000c000 08:01 23596593                   /usr/lib/jvm/java-7-openjdk-amd64/jre/lib/amd64/jli/libjli.so
7f5adc55b000-7f5adc55c000 rw-p 0000d000 08:01 23596593                   /usr/lib/jvm/java-7-openjdk-amd64/jre/lib/amd64/jli/libjli.so
7f5adc55c000-7f5adc57f000 r-xp 00000000 08:01 10486801                   /lib/x86_64-linux-gnu/ld-2.19.so
7f5adc591000-7f5adc59b000 rw-p 00000000 00:00 0 
7f5adc59b000-7f5adc651000 rw-p 00000000 00:00 0 
7f5adc651000-7f5adc654000 ---p 00000000 00:00 0 
7f5adc654000-7f5adc757000 rw-p 00000000 00:00 0                          [stack:21687]
7f5adc75c000-7f5adc75e000 rw-p 00000000 00:00 0 
7f5adc75e000-7f5adc762000 r--s 00085000 08:01 23596545                   /usr/lib/jvm/java-7-openjdk-amd64/jre/lib/ext/localedata.jar
7f5adc762000-7f5adc766000 r--s 0003c000 08:01 23596548                   /usr/lib/jvm/java-7-openjdk-amd64/jre/lib/ext/sunpkcs11.jar
7f5adc766000-7f5adc76a000 r--s 00034000 08:01 23596547                   /usr/lib/jvm/java-7-openjdk-amd64/jre/lib/ext/sunjce_provider.jar
7f5adc76a000-7f5adc76d000 r--s 0000f000 08:01 23596546                   /usr/lib/jvm/java-7-openjdk-amd64/jre/lib/ext/icedtea-sound.jar
7f5adc76d000-7f5adc76f000 r--s 00012000 08:01 23596544                   /usr/lib/jvm/java-7-openjdk-amd64/jre/lib/ext/zipfs.jar
7f5adc76f000-7f5adc771000 r--s 00006000 08:01 23990789                   /usr/share/java/java-atk-wrapper.jar
7f5adc771000-7f5adc772000 r--s 00002000 08:01 23596549                   /usr/lib/jvm/java-7-openjdk-amd64/jre/lib/ext/dnsns.jar
7f5adc772000-7f5adc77a000 rw-s 00000000 08:01 6685088                    /tmp/hsperfdata_jonas/21680
7f5adc77a000-7f5adc77b000 rw-p 00000000 00:00 0 
7f5adc77b000-7f5adc77c000 r--p 00000000 00:00 0 
7f5adc77c000-7f5adc77e000 rw-p 00000000 00:00 0 
7f5adc77e000-7f5adc77f000 r--p 00022000 08:01 10486801                   /lib/x86_64-linux-gnu/ld-2.19.so
7f5adc77f000-7f5adc780000 rw-p 00023000 08:01 10486801                   /lib/x86_64-linux-gnu/ld-2.19.so
7f5adc780000-7f5adc781000 rw-p 00000000 00:00 0 
7fff125d3000-7fff125f4000 rw-p 00000000 00:00 0                          [stack]
7fff125fe000-7fff12600000 r-xp 00000000 00:00 0                          [vdso]
ffffffffff600000-ffffffffff601000 r-xp 00000000 00:00 0                  [vsyscall]

VM Arguments:
jvm_args: -agentlib:jdwp=transport=dt_socket,suspend=y,address=localhost:37558 -Dfile.encoding=UTF-8 
java_command: Spiel
Launcher Type: SUN_STANDARD

Environment Variables:
PATH=/usr/local/sbin:/usr/local/bin:/usr/sbin:/usr/bin:/sbin:/bin:/usr/games:/usr/local/games
USERNAME=jonas
SHELL=/bin/bash
DISPLAY=:0

Signal Handlers:
SIGSEGV: [libjvm.so+0x9548f0], sa_mask[0]=0x7ffbfeff, sa_flags=0x10000004
SIGBUS: [libjvm.so+0x9548f0], sa_mask[0]=0x7ffbfeff, sa_flags=0x10000004
SIGFPE: [libjvm.so+0x7cb0b0], sa_mask[0]=0x7ffbfeff, sa_flags=0x10000004
SIGPIPE: [libjvm.so+0x7cb0b0], sa_mask[0]=0x7ffbfeff, sa_flags=0x10000004
SIGXFSZ: [libjvm.so+0x7cb0b0], sa_mask[0]=0x7ffbfeff, sa_flags=0x10000004
SIGILL: [libjvm.so+0x7cb0b0], sa_mask[0]=0x7ffbfeff, sa_flags=0x10000004
SIGUSR1: SIG_DFL, sa_mask[0]=0x00000000, sa_flags=0x00000000
SIGUSR2: [libjvm.so+0x7caf50], sa_mask[0]=0x00000004, sa_flags=0x10000004
SIGHUP: [libjvm.so+0x7cb130], sa_mask[0]=0x7ffbfeff, sa_flags=0x10000004
SIGINT: [libjvm.so+0x7cb130], sa_mask[0]=0x7ffbfeff, sa_flags=0x10000004
SIGTERM: [libjvm.so+0x7cb130], sa_mask[0]=0x7ffbfeff, sa_flags=0x10000004
SIGQUIT: [libjvm.so+0x7cb130], sa_mask[0]=0x7ffbfeff, sa_flags=0x10000004
SIGTRAP: SIG_DFL, sa_mask[0]=0x00000000, sa_flags=0x00000000


---------------  S Y S T E M  ---------------

OS:LinuxMint 17.1 (rebecca)
uname:Linux 3.13.0-37-generic #64-Ubuntu SMP Mon Sep 22 21:28:38 UTC 2014 x86_64
libc:glibc 2.19 NPTL 2.19 
rlimit: STACK 8192k, CORE 0k, NPROC 125718, NOFILE 4096, AS infinity
load average:0.25 0.20 0.16

/proc/meminfo:
MemTotal:       16123188 kB
MemFree:        10825492 kB
Buffers:          345588 kB
Cached:          2710428 kB
SwapCached:            0 kB
Active:          3031584 kB
Inactive:        1863944 kB
Active(anon):    1843172 kB
Inactive(anon):   427300 kB
Active(file):    1188412 kB
Inactive(file):  1436644 kB
Unevictable:           0 kB
Mlocked:               0 kB
SwapTotal:      16657404 kB
SwapFree:       16657404 kB
Dirty:              2776 kB
Writeback:             0 kB
AnonPages:       1839656 kB
Mapped:           374828 kB
Shmem:            430956 kB
Slab:             242732 kB
SReclaimable:     208796 kB
SUnreclaim:        33936 kB
KernelStack:        4856 kB
PageTables:        29864 kB
NFS_Unstable:          0 kB
Bounce:                0 kB
WritebackTmp:          0 kB
CommitLimit:    24718996 kB
Committed_AS:    5814856 kB
VmallocTotal:   34359738367 kB
VmallocUsed:      375788 kB
VmallocChunk:   34359294408 kB
HardwareCorrupted:     0 kB
AnonHugePages:    800768 kB
HugePages_Total:       0
HugePages_Free:        0
HugePages_Rsvd:        0
HugePages_Surp:        0
Hugepagesize:       2048 kB
DirectMap4k:       82104 kB
DirectMap2M:    16379904 kB


CPU:total 4 (4 cores per cpu, 1 threads per core) family 6 model 58 stepping 9, cmov, cx8, fxsr, mmx, sse, sse2, sse3, ssse3, sse4.1, sse4.2, popcnt, avx, aes, erms, tsc, tscinvbit, tscinv

/proc/cpuinfo:
processor	: 0
vendor_id	: GenuineIntel
cpu family	: 6
model		: 58
model name	: Intel(R) Core(TM) i5-3570K CPU @ 3.40GHz
stepping	: 9
microcode	: 0x12
cpu MHz		: 2900.000
cache size	: 6144 KB
physical id	: 0
siblings	: 4
core id		: 0
cpu cores	: 4
apicid		: 0
initial apicid	: 0
fpu		: yes
fpu_exception	: yes
cpuid level	: 13
wp		: yes
flags		: fpu vme de pse tsc msr pae mce cx8 apic sep mtrr pge mca cmov pat pse36 clflush dts acpi mmx fxsr sse sse2 ss ht tm pbe syscall nx rdtscp lm constant_tsc arch_perfmon pebs bts rep_good nopl xtopology nonstop_tsc aperfmperf eagerfpu pni pclmulqdq dtes64 monitor ds_cpl vmx est tm2 ssse3 cx16 xtpr pdcm pcid sse4_1 sse4_2 popcnt tsc_deadline_timer aes xsave avx f16c rdrand lahf_lm ida arat epb xsaveopt pln pts dtherm tpr_shadow vnmi flexpriority ept vpid fsgsbase smep erms
bogomips	: 6935.37
clflush size	: 64
cache_alignment	: 64
address sizes	: 36 bits physical, 48 bits virtual
power management:

processor	: 1
vendor_id	: GenuineIntel
cpu family	: 6
model		: 58
model name	: Intel(R) Core(TM) i5-3570K CPU @ 3.40GHz
stepping	: 9
microcode	: 0x12
cpu MHz		: 3401.000
cache size	: 6144 KB
physical id	: 0
siblings	: 4
core id		: 1
cpu cores	: 4
apicid		: 2
initial apicid	: 2
fpu		: yes
fpu_exception	: yes
cpuid level	: 13
wp		: yes
flags		: fpu vme de pse tsc msr pae mce cx8 apic sep mtrr pge mca cmov pat pse36 clflush dts acpi mmx fxsr sse sse2 ss ht tm pbe syscall nx rdtscp lm constant_tsc arch_perfmon pebs bts rep_good nopl xtopology nonstop_tsc aperfmperf eagerfpu pni pclmulqdq dtes64 monitor ds_cpl vmx est tm2 ssse3 cx16 xtpr pdcm pcid sse4_1 sse4_2 popcnt tsc_deadline_timer aes xsave avx f16c rdrand lahf_lm ida arat epb xsaveopt pln pts dtherm tpr_shadow vnmi flexpriority ept vpid fsgsbase smep erms
bogomips	: 6935.37
clflush size	: 64
cache_alignment	: 64
address sizes	: 36 bits physical, 48 bits virtual
power management:

processor	: 2
vendor_id	: GenuineIntel
cpu family	: 6
model		: 58
model name	: Intel(R) Core(TM) i5-3570K CPU @ 3.40GHz
stepping	: 9
microcode	: 0x12
cpu MHz		: 3401.000
cache size	: 6144 KB
physical id	: 0
siblings	: 4
core id		: 2
cpu cores	: 4
apicid		: 4
initial apicid	: 4
fpu		: yes
fpu_exception	: yes
cpuid level	: 13
wp		: yes
flags		: fpu vme de pse tsc msr pae mce cx8 apic sep mtrr pge mca cmov pat pse36 clflush dts acpi mmx fxsr sse sse2 ss ht tm pbe syscall nx rdtscp lm constant_tsc arch_perfmon pebs bts rep_good nopl xtopology nonstop_tsc aperfmperf eagerfpu pni pclmulqdq dtes64 monitor ds_cpl vmx est tm2 ssse3 cx16 xtpr pdcm pcid sse4_1 sse4_2 popcnt tsc_deadline_timer aes xsave avx f16c rdrand lahf_lm ida arat epb xsaveopt pln pts dtherm tpr_shadow vnmi flexpriority ept vpid fsgsbase smep erms
bogomips	: 6935.37
clflush size	: 64
cache_alignment	: 64
address sizes	: 36 bits physical, 48 bits virtual
power management:

processor	: 3
vendor_id	: GenuineIntel
cpu family	: 6
model		: 58
model name	: Intel(R) Core(TM) i5-3570K CPU @ 3.40GHz
stepping	: 9
microcode	: 0x12
cpu MHz		: 1600.000
cache size	: 6144 KB
physical id	: 0
siblings	: 4
core id		: 3
cpu cores	: 4
apicid		: 6
initial apicid	: 6
fpu		: yes
fpu_exception	: yes
cpuid level	: 13
wp		: yes
flags		: fpu vme de pse tsc msr pae mce cx8 apic sep mtrr pge mca cmov pat pse36 clflush dts acpi mmx fxsr sse sse2 ss ht tm pbe syscall nx rdtscp lm constant_tsc arch_perfmon pebs bts rep_good nopl xtopology nonstop_tsc aperfmperf eagerfpu pni pclmulqdq dtes64 monitor ds_cpl vmx est tm2 ssse3 cx16 xtpr pdcm pcid sse4_1 sse4_2 popcnt tsc_deadline_timer aes xsave avx f16c rdrand lahf_lm ida arat epb xsaveopt pln pts dtherm tpr_shadow vnmi flexpriority ept vpid fsgsbase smep erms
bogomips	: 6935.37
clflush size	: 64
cache_alignment	: 64
address sizes	: 36 bits physical, 48 bits virtual
power management:



Memory: 4k page, physical 16123188k(10825492k free), swap 16657404k(16657404k free)

vm_info: OpenJDK 64-Bit Server VM (24.91-b01) for linux-amd64 JRE (1.7.0_91-b02), built on Nov 19 2015 06:14:37 by "buildd" with gcc 4.8.2

time: Tue Dec 22 16:00:28 2015
elapsed time: 1391 seconds

